DEPRECATION WARNING: require "activesupport" is deprecated and will be removed in Rails 3. Use require "active_support" instead.. (called from <top (required)> at /usr/local/lib/ruby/gems/1.9.1/gems/activesupport-2.3.5/lib/activesupport.rb:2)
DEPRECATION WARNING: require "activesupport" is deprecated and will be removed in Rails 3. Use require "active_support" instead.. (called from <top (required)> at /usr/local/lib/ruby/gems/1.9.1/gems/activesupport-2.3.5/lib/activesupport.rb:2)
DEPRECATION WARNING: require "activesupport" is deprecated and will be removed in Rails 3. Use require "active_support" instead.. (called from <top (required)> at /usr/local/lib/ruby/gems/1.9.1/gems/activesupport-2.3.5/lib/activesupport.rb:2)
DEPRECATION WARNING: require "activesupport" is deprecated and will be removed in Rails 3. Use require "active_support" instead.. (called from <top (required)> at /usr/local/lib/ruby/gems/1.9.1/gems/activesupport-2.3.5/lib/activesupport.rb:2)
DEPRECATION WARNING: require "activesupport" is deprecated and will be removed in Rails 3. Use require "active_support" instead.. (called from <top (required)> at /usr/local/lib/ruby/gems/1.9.1/gems/activesupport-2.3.5/lib/activesupport.rb:2)
DEPRECATION WARNING: require "activesupport" is deprecated and will be removed in Rails 3. Use require "active_support" instead.. (called from <top (required)> at /usr/local/lib/ruby/gems/1.9.1/gems/activesupport-2.3.5/lib/activesupport.rb:2)
DEPRECATION WARNING: require "activesupport" is deprecated and will be removed in Rails 3. Use require "active_support" instead.. (called from <top (required)> at /usr/local/lib/ruby/gems/1.9.1/gems/activesupport-2.3.5/lib/activesupport.rb:2)
DEPRECATION WARNING: require "activesupport" is deprecated and will be removed in Rails 3. Use require "active_support" instead.. (called from <top (required)> at /usr/local/lib/ruby/gems/1.9.1/gems/activesupport-2.3.5/lib/activesupport.rb:2)


Processing ApplicationController#index (for 127.0.0.1 at 2010-01-23 05:25:39) [GET]

ActionController::RoutingError (No route matches "/" with {:method=>:get}):
  <internal:prelude>:8:in `synchronize'
  /usr/local/lib/ruby/1.9.1/webrick/httpserver.rb:111:in `service'
  /usr/local/lib/ruby/1.9.1/webrick/httpserver.rb:70:in `run'
  /usr/local/lib/ruby/1.9.1/webrick/server.rb:183:in `block in start_thread'

Rendering rescues/layout (not_found)


Processing ApplicationController#index (for 127.0.0.1 at 2010-01-23 05:28:47) [GET]

NameError (uninitialized constant HomeController):
  <internal:prelude>:8:in `synchronize'
  /usr/local/lib/ruby/1.9.1/webrick/httpserver.rb:111:in `service'
  /usr/local/lib/ruby/1.9.1/webrick/httpserver.rb:70:in `run'
  /usr/local/lib/ruby/1.9.1/webrick/server.rb:183:in `block in start_thread'

Rendered rescues/_trace (62.6ms)
Rendered rescues/_request_and_response (1.8ms)
Rendering rescues/layout (internal_server_error)
DEPRECATION WARNING: require "activesupport" is deprecated and will be removed in Rails 3. Use require "active_support" instead.. (called from <top (required)> at /usr/local/lib/ruby/gems/1.9.1/gems/activesupport-2.3.5/lib/activesupport.rb:2)
DEPRECATION WARNING: require "activesupport" is deprecated and will be removed in Rails 3. Use require "active_support" instead.. (called from <top (required)> at /usr/local/lib/ruby/gems/1.9.1/gems/activesupport-2.3.5/lib/activesupport.rb:2)


Processing HomeController#index (for 127.0.0.1 at 2010-01-23 05:34:23) [GET]

ActionView::MissingTemplate (Missing template home/index.erb in view path app/views):
  <internal:prelude>:8:in `synchronize'
  /usr/local/lib/ruby/1.9.1/webrick/httpserver.rb:111:in `service'
  /usr/local/lib/ruby/1.9.1/webrick/httpserver.rb:70:in `run'
  /usr/local/lib/ruby/1.9.1/webrick/server.rb:183:in `block in start_thread'

Rendering rescues/layout (internal_server_error)


Processing HomeController#index (for 127.0.0.1 at 2010-01-23 05:37:26) [GET]

ActionView::MissingTemplate (Missing template home/index.erb in view path app/views):
  <internal:prelude>:8:in `synchronize'
  /usr/local/lib/ruby/1.9.1/webrick/httpserver.rb:111:in `service'
  /usr/local/lib/ruby/1.9.1/webrick/httpserver.rb:70:in `run'
  /usr/local/lib/ruby/1.9.1/webrick/server.rb:183:in `block in start_thread'

Rendering rescues/layout (internal_server_error)


Processing HomeController#index (for 127.0.0.1 at 2010-01-23 05:37:32) [GET]

ActionView::MissingTemplate (Missing template home/index.erb in view path app/views):
  <internal:prelude>:8:in `synchronize'
  /usr/local/lib/ruby/1.9.1/webrick/httpserver.rb:111:in `service'
  /usr/local/lib/ruby/1.9.1/webrick/httpserver.rb:70:in `run'
  /usr/local/lib/ruby/1.9.1/webrick/server.rb:183:in `block in start_thread'

Rendering rescues/layout (internal_server_error)


Processing HomeController#index (for 127.0.0.1 at 2010-01-23 05:37:33) [GET]

ActionView::MissingTemplate (Missing template home/index.erb in view path app/views):
  <internal:prelude>:8:in `synchronize'
  /usr/local/lib/ruby/1.9.1/webrick/httpserver.rb:111:in `service'
  /usr/local/lib/ruby/1.9.1/webrick/httpserver.rb:70:in `run'
  /usr/local/lib/ruby/1.9.1/webrick/server.rb:183:in `block in start_thread'

Rendering rescues/layout (internal_server_error)


Processing HomeController#index (for 127.0.0.1 at 2010-01-23 05:37:33) [GET]

ActionView::MissingTemplate (Missing template home/index.erb in view path app/views):
  <internal:prelude>:8:in `synchronize'
  /usr/local/lib/ruby/1.9.1/webrick/httpserver.rb:111:in `service'
  /usr/local/lib/ruby/1.9.1/webrick/httpserver.rb:70:in `run'
  /usr/local/lib/ruby/1.9.1/webrick/server.rb:183:in `block in start_thread'

Rendering rescues/layout (internal_server_error)
DEPRECATION WARNING: require "activesupport" is deprecated and will be removed in Rails 3. Use require "active_support" instead.. (called from <top (required)> at /usr/local/lib/ruby/gems/1.9.1/gems/activesupport-2.3.5/lib/activesupport.rb:2)


Processing HomeController#index (for 127.0.0.1 at 2010-01-23 05:40:08) [GET]
Rendering template within layouts/application
Rendering home/index
Completed in 125ms (View: 123 | 200 OK [http://localhost/]
DEPRECATION WARNING: require "activesupport" is deprecated and will be removed in Rails 3. Use require "active_support" instead.. (called from <top (required)> at /usr/local/lib/ruby/gems/1.9.1/gems/activesupport-2.3.5/lib/activesupport.rb:2)


Processing HomeController#index (for 127.0.0.1 at 2010-01-23 05:58:45) [GET]
Rendering template within layouts/application
Rendering home/index
Completed in 16ms (View: 14 | 200 OK [http://localhost/]


Processing ApplicationController#index (for 127.0.0.1 at 2010-01-23 05:58:45) [GET]

ActionController::RoutingError (No route matches "/javascripts/jquery-1.3.2.min" with {:method=>:get}):
  <internal:prelude>:8:in `synchronize'
  /usr/local/lib/ruby/1.9.1/webrick/httpserver.rb:111:in `service'
  /usr/local/lib/ruby/1.9.1/webrick/httpserver.rb:70:in `run'
  /usr/local/lib/ruby/1.9.1/webrick/server.rb:183:in `block in start_thread'

Rendering rescues/layout (not_found)


Processing ApplicationController#index (for 127.0.0.1 at 2010-01-23 05:58:45) [GET]

ActionController::RoutingError (No route matches "/javascripts/underscore-min.js" with {:method=>:get}):
  <internal:prelude>:8:in `synchronize'
  /usr/local/lib/ruby/1.9.1/webrick/httpserver.rb:111:in `service'
  /usr/local/lib/ruby/1.9.1/webrick/httpserver.rb:70:in `run'
  /usr/local/lib/ruby/1.9.1/webrick/server.rb:183:in `block in start_thread'

Rendering rescues/layout (not_found)


Processing ApplicationController#index (for 127.0.0.1 at 2010-01-23 05:58:45) [GET]

ActionController::RoutingError (No route matches "/javascripts/jquery-ui.min.js" with {:method=>:get}):
  <internal:prelude>:8:in `synchronize'
  /usr/local/lib/ruby/1.9.1/webrick/httpserver.rb:111:in `service'
  /usr/local/lib/ruby/1.9.1/webrick/httpserver.rb:70:in `run'
  /usr/local/lib/ruby/1.9.1/webrick/server.rb:183:in `block in start_thread'

Rendering rescues/layout (not_found)


Processing ApplicationController#index (for 127.0.0.1 at 2010-01-23 05:58:45) [GET]

ActionController::RoutingError (No route matches "/stylesheets/style.css" with {:method=>:get}):
  <internal:prelude>:8:in `synchronize'
  /usr/local/lib/ruby/1.9.1/webrick/httpserver.rb:111:in `service'
  /usr/local/lib/ruby/1.9.1/webrick/httpserver.rb:70:in `run'
  /usr/local/lib/ruby/1.9.1/webrick/server.rb:183:in `block in start_thread'

Rendering rescues/layout (not_found)


Processing ApplicationController#index (for 127.0.0.1 at 2010-01-23 05:58:45) [GET]

ActionController::RoutingError (No route matches "/javascripts/underscore-min.js" with {:method=>:get}):
  <internal:prelude>:8:in `synchronize'
  /usr/local/lib/ruby/1.9.1/webrick/httpserver.rb:111:in `service'
  /usr/local/lib/ruby/1.9.1/webrick/httpserver.rb:70:in `run'
  /usr/local/lib/ruby/1.9.1/webrick/server.rb:183:in `block in start_thread'

Rendering rescues/layout (not_found)


Processing ApplicationController#index (for 127.0.0.1 at 2010-01-23 05:58:45) [GET]

ActionController::RoutingError (No route matches "/stylesheets/style.css" with {:method=>:get}):
  <internal:prelude>:8:in `synchronize'
  /usr/local/lib/ruby/1.9.1/webrick/httpserver.rb:111:in `service'
  /usr/local/lib/ruby/1.9.1/webrick/httpserver.rb:70:in `run'
  /usr/local/lib/ruby/1.9.1/webrick/server.rb:183:in `block in start_thread'

Rendering rescues/layout (not_found)


Processing HomeController#index (for 127.0.0.1 at 2010-01-23 06:02:43) [GET]
Rendering template within layouts/application
Rendering home/index
Completed in 22ms (View: 20 | 200 OK [http://localhost/]


Processing ApplicationController#index (for 127.0.0.1 at 2010-01-23 06:02:43) [GET]

ActionController::RoutingError (No route matches "/javascripts/jquery-1.3.2.min" with {:method=>:get}):
  <internal:prelude>:8:in `synchronize'
  /usr/local/lib/ruby/1.9.1/webrick/httpserver.rb:111:in `service'
  /usr/local/lib/ruby/1.9.1/webrick/httpserver.rb:70:in `run'
  /usr/local/lib/ruby/1.9.1/webrick/server.rb:183:in `block in start_thread'

Rendering rescues/layout (not_found)


Processing ApplicationController#index (for 127.0.0.1 at 2010-01-23 06:02:43) [GET]

ActionController::RoutingError (No route matches "/javascripts/jquery-ui.min.js" with {:method=>:get}):
  <internal:prelude>:8:in `synchronize'
  /usr/local/lib/ruby/1.9.1/webrick/httpserver.rb:111:in `service'
  /usr/local/lib/ruby/1.9.1/webrick/httpserver.rb:70:in `run'
  /usr/local/lib/ruby/1.9.1/webrick/server.rb:183:in `block in start_thread'

Rendering rescues/layout (not_found)


Processing ApplicationController#index (for 127.0.0.1 at 2010-01-23 06:02:43) [GET]

ActionController::RoutingError (No route matches "/javascripts/underscore-min.js" with {:method=>:get}):
  <internal:prelude>:8:in `synchronize'
  /usr/local/lib/ruby/1.9.1/webrick/httpserver.rb:111:in `service'
  /usr/local/lib/ruby/1.9.1/webrick/httpserver.rb:70:in `run'
  /usr/local/lib/ruby/1.9.1/webrick/server.rb:183:in `block in start_thread'

Rendering rescues/layout (not_found)


Processing ApplicationController#index (for 127.0.0.1 at 2010-01-23 06:02:44) [GET]

ActionController::RoutingError (No route matches "/stylesheets/style.css" with {:method=>:get}):
  <internal:prelude>:8:in `synchronize'
  /usr/local/lib/ruby/1.9.1/webrick/httpserver.rb:111:in `service'
  /usr/local/lib/ruby/1.9.1/webrick/httpserver.rb:70:in `run'
  /usr/local/lib/ruby/1.9.1/webrick/server.rb:183:in `block in start_thread'

Rendering rescues/layout (not_found)


Processing HomeController#index (for 127.0.0.1 at 2010-01-23 06:02:49) [GET]
Rendering template within layouts/application
Rendering home/index
Completed in 4ms (View: 2 | 200 OK [http://localhost/]


Processing HomeController#index (for 127.0.0.1 at 2010-01-23 06:02:50) [GET]
Rendering template within layouts/application
Rendering home/index
Completed in 3ms (View: 2 | 200 OK [http://localhost/]


Processing ApplicationController#index (for 127.0.0.1 at 2010-01-23 06:02:50) [GET]

ActionController::RoutingError (No route matches "/javascripts/jquery-1.3.2.min" with {:method=>:get}):
  <internal:prelude>:8:in `synchronize'
  /usr/local/lib/ruby/1.9.1/webrick/httpserver.rb:111:in `service'
  /usr/local/lib/ruby/1.9.1/webrick/httpserver.rb:70:in `run'
  /usr/local/lib/ruby/1.9.1/webrick/server.rb:183:in `block in start_thread'

Rendering rescues/layout (not_found)


Processing ApplicationController#index (for 127.0.0.1 at 2010-01-23 06:02:50) [GET]

ActionController::RoutingError (No route matches "/javascripts/jquery-ui.min.js" with {:method=>:get}):
  <internal:prelude>:8:in `synchronize'
  /usr/local/lib/ruby/1.9.1/webrick/httpserver.rb:111:in `service'
  /usr/local/lib/ruby/1.9.1/webrick/httpserver.rb:70:in `run'
  /usr/local/lib/ruby/1.9.1/webrick/server.rb:183:in `block in start_thread'

Rendering rescues/layout (not_found)


Processing ApplicationController#index (for 127.0.0.1 at 2010-01-23 06:02:50) [GET]

ActionController::RoutingError (No route matches "/javascripts/underscore-min.js" with {:method=>:get}):
  <internal:prelude>:8:in `synchronize'
  /usr/local/lib/ruby/1.9.1/webrick/httpserver.rb:111:in `service'
  /usr/local/lib/ruby/1.9.1/webrick/httpserver.rb:70:in `run'
  /usr/local/lib/ruby/1.9.1/webrick/server.rb:183:in `block in start_thread'

Rendering rescues/layout (not_found)


Processing ApplicationController#index (for 127.0.0.1 at 2010-01-23 06:02:50) [GET]

ActionController::RoutingError (No route matches "/stylesheets/style.css" with {:method=>:get}):
  <internal:prelude>:8:in `synchronize'
  /usr/local/lib/ruby/1.9.1/webrick/httpserver.rb:111:in `service'
  /usr/local/lib/ruby/1.9.1/webrick/httpserver.rb:70:in `run'
  /usr/local/lib/ruby/1.9.1/webrick/server.rb:183:in `block in start_thread'

Rendering rescues/layout (not_found)


Processing HomeController#index (for 127.0.0.1 at 2010-01-23 06:02:50) [GET]
Rendering template within layouts/application
Rendering home/index
Completed in 3ms (View: 2 | 200 OK [http://localhost/]


Processing ApplicationController#index (for 127.0.0.1 at 2010-01-23 06:02:50) [GET]

ActionController::RoutingError (No route matches "/javascripts/jquery-1.3.2.min" with {:method=>:get}):
  <internal:prelude>:8:in `synchronize'
  /usr/local/lib/ruby/1.9.1/webrick/httpserver.rb:111:in `service'
  /usr/local/lib/ruby/1.9.1/webrick/httpserver.rb:70:in `run'
  /usr/local/lib/ruby/1.9.1/webrick/server.rb:183:in `block in start_thread'

Rendering rescues/layout (not_found)


Processing ApplicationController#index (for 127.0.0.1 at 2010-01-23 06:02:50) [GET]

ActionController::RoutingError (No route matches "/javascripts/jquery-ui.min.js" with {:method=>:get}):
  <internal:prelude>:8:in `synchronize'
  /usr/local/lib/ruby/1.9.1/webrick/httpserver.rb:111:in `service'
  /usr/local/lib/ruby/1.9.1/webrick/httpserver.rb:70:in `run'
  /usr/local/lib/ruby/1.9.1/webrick/server.rb:183:in `block in start_thread'

Rendering rescues/layout (not_found)


Processing ApplicationController#index (for 127.0.0.1 at 2010-01-23 06:02:50) [GET]

ActionController::RoutingError (No route matches "/javascripts/underscore-min.js" with {:method=>:get}):
  <internal:prelude>:8:in `synchronize'
  /usr/local/lib/ruby/1.9.1/webrick/httpserver.rb:111:in `service'
  /usr/local/lib/ruby/1.9.1/webrick/httpserver.rb:70:in `run'
  /usr/local/lib/ruby/1.9.1/webrick/server.rb:183:in `block in start_thread'

Rendering rescues/layout (not_found)


Processing ApplicationController#index (for 127.0.0.1 at 2010-01-23 06:02:50) [GET]

ActionController::RoutingError (No route matches "/stylesheets/style.css" with {:method=>:get}):
  <internal:prelude>:8:in `synchronize'
  /usr/local/lib/ruby/1.9.1/webrick/httpserver.rb:111:in `service'
  /usr/local/lib/ruby/1.9.1/webrick/httpserver.rb:70:in `run'
  /usr/local/lib/ruby/1.9.1/webrick/server.rb:183:in `block in start_thread'

Rendering rescues/layout (not_found)


Processing HomeController#index (for 127.0.0.1 at 2010-01-23 06:03:02) [GET]
Rendering template within layouts/application
Rendering home/index
Completed in 72ms (View: 69 | 200 OK [http://localhost/]


Processing ApplicationController#index (for 127.0.0.1 at 2010-01-23 06:03:02) [GET]

ActionController::RoutingError (No route matches "/javascripts/jquery-1.3.2.min" with {:method=>:get}):
  <internal:prelude>:8:in `synchronize'
  /usr/local/lib/ruby/1.9.1/webrick/httpserver.rb:111:in `service'
  /usr/local/lib/ruby/1.9.1/webrick/httpserver.rb:70:in `run'
  /usr/local/lib/ruby/1.9.1/webrick/server.rb:183:in `block in start_thread'

Rendering rescues/layout (not_found)


Processing ApplicationController#index (for 127.0.0.1 at 2010-01-23 06:03:02) [GET]

ActionController::RoutingError (No route matches "/javascripts/jquery-ui.min.js" with {:method=>:get}):
  <internal:prelude>:8:in `synchronize'
  /usr/local/lib/ruby/1.9.1/webrick/httpserver.rb:111:in `service'
  /usr/local/lib/ruby/1.9.1/webrick/httpserver.rb:70:in `run'
  /usr/local/lib/ruby/1.9.1/webrick/server.rb:183:in `block in start_thread'

Rendering rescues/layout (not_found)


Processing ApplicationController#index (for 127.0.0.1 at 2010-01-23 06:03:02) [GET]

ActionController::RoutingError (No route matches "/javascripts/underscore-min.js" with {:method=>:get}):
  <internal:prelude>:8:in `synchronize'
  /usr/local/lib/ruby/1.9.1/webrick/httpserver.rb:111:in `service'
  /usr/local/lib/ruby/1.9.1/webrick/httpserver.rb:70:in `run'
  /usr/local/lib/ruby/1.9.1/webrick/server.rb:183:in `block in start_thread'

Rendering rescues/layout (not_found)


Processing ApplicationController#index (for 127.0.0.1 at 2010-01-23 06:03:02) [GET]

ActionController::RoutingError (No route matches "/stylesheets/style.css" with {:method=>:get}):
  <internal:prelude>:8:in `synchronize'
  /usr/local/lib/ruby/1.9.1/webrick/httpserver.rb:111:in `service'
  /usr/local/lib/ruby/1.9.1/webrick/httpserver.rb:70:in `run'
  /usr/local/lib/ruby/1.9.1/webrick/server.rb:183:in `block in start_thread'

Rendering rescues/layout (not_found)


Processing HomeController#index (for 127.0.0.1 at 2010-01-23 06:03:53) [GET]
Rendering template within layouts/application
Rendering home/index
Completed in 19ms (View: 18 | 200 OK [http://localhost/]


Processing ApplicationController#index (for 127.0.0.1 at 2010-01-23 06:03:54) [GET]

ActionController::RoutingError (No route matches "/javascripts/jquery-1.3.2.min" with {:method=>:get}):
  <internal:prelude>:8:in `synchronize'
  /usr/local/lib/ruby/1.9.1/webrick/httpserver.rb:111:in `service'
  /usr/local/lib/ruby/1.9.1/webrick/httpserver.rb:70:in `run'
  /usr/local/lib/ruby/1.9.1/webrick/server.rb:183:in `block in start_thread'

Rendering rescues/layout (not_found)


Processing ApplicationController#index (for 127.0.0.1 at 2010-01-23 06:03:54) [GET]

ActionController::RoutingError (No route matches "/javascripts/jquery-ui.min.js" with {:method=>:get}):
  <internal:prelude>:8:in `synchronize'
  /usr/local/lib/ruby/1.9.1/webrick/httpserver.rb:111:in `service'
  /usr/local/lib/ruby/1.9.1/webrick/httpserver.rb:70:in `run'
  /usr/local/lib/ruby/1.9.1/webrick/server.rb:183:in `block in start_thread'

Rendering rescues/layout (not_found)


Processing ApplicationController#index (for 127.0.0.1 at 2010-01-23 06:03:54) [GET]

ActionController::RoutingError (No route matches "/javascripts/underscore-min.js" with {:method=>:get}):
  <internal:prelude>:8:in `synchronize'
  /usr/local/lib/ruby/1.9.1/webrick/httpserver.rb:111:in `service'
  /usr/local/lib/ruby/1.9.1/webrick/httpserver.rb:70:in `run'
  /usr/local/lib/ruby/1.9.1/webrick/server.rb:183:in `block in start_thread'

Rendering rescues/layout (not_found)
